<?xml version="1.0" encoding="UTF-8"?>
<!-- Generated by org.testng.reporters.JUnitReportReporter -->
<testsuite skipped="0" hostname="XE-TMAC-RUBINAGILL" name="tests.LoginPageTest" tests="2" failures="0" timestamp="04 Mar 2018 07:24:02 GMT" time="154.157" errors="0">
  <testcase name="loginWithInValidCredentialsTest" time="69.423" classname="tests.LoginPageTest"/>
  <testcase name="loginWithValidCredentialsTest" time="84.734" classname="tests.LoginPageTest"/>
</testsuite> <!-- tests.LoginPageTest -->
