<?xml version="1.0" encoding="UTF-8"?>
<!-- Generated by org.testng.reporters.JUnitReportReporter -->
<testsuite skipped="0" hostname="XE-TMAC-RUBINAGILL" name="tests.LoginPageTest" tests="2" failures="0" timestamp="04 Mar 2018 07:03:49 GMT" time="171.095" errors="0">
  <testcase name="loginWithValidCredentialsTest" time="83.680" classname="tests.LoginPageTest"/>
  <testcase name="loginWithInValidCredentialsTest" time="87.415" classname="tests.LoginPageTest"/>
</testsuite> <!-- tests.LoginPageTest -->
