<?xml version="1.0" encoding="UTF-8"?>
<!-- Generated by org.testng.reporters.JUnitReportReporter -->
<testsuite skipped="0" hostname="XE-TMAC-RUBINAGILL" name="tests.LoginPageTest" tests="2" failures="0" timestamp="01 Mar 2018 10:54:59 GMT" time="154.755" errors="0">
  <testcase name="loginWithInValidCredentialsTest" time="74.363" classname="tests.LoginPageTest"/>
  <testcase name="loginWithValidCredentialsTest" time="80.392" classname="tests.LoginPageTest"/>
</testsuite> <!-- tests.LoginPageTest -->
